wikicat_Sustainable_fisheries--wordnet_state_108654360
44327.2560155
----------------------------------
wikicat_Fisheries_in_Canada--wordnet_state_108654360
44383.6951733
----------------------------------
wikicat_Fisheries--wordnet_state_108654360
44397.5135617
----------------------------------
wordnet_fishery_103350880--wordnet_state_108654360
44443.5046805
----------------------------------
wikicat_Fisheries_and_aquaculture_research_institutes--wordnet_state_108654360
44481.6210005
----------------------------------
wikicat_Provinces_and_territories_of_Canada--wordnet_state_108654360
44557.1797791
----------------------------------
wikicat_Fisheries--wordnet_fishery_103350880
8.79160321518e+14
----------------------------------
wordnet_fishery_103350880--wikicat_Fisheries
1.24443293097e+16
----------------------------------
wikicat_Sustainable_fisheries--wikicat_Provinces_and_territories_of_Canada
2.50171856811e+16
----------------------------------
wikicat_Fisheries_in_Canada--wikicat_Fisheries
2.6917075695e+16
----------------------------------
wikicat_Fisheries_and_aquaculture_research_institutes--wikicat_Fisheries
2.83164693895e+16
----------------------------------
wordnet_state_108654360--wikicat_Fisheries
4.43436601497e+16
----------------------------------
wikicat_Fisheries_and_aquaculture_research_institutes--wordnet_fishery_103350880
4.49075927846e+16
----------------------------------
wikicat_Fisheries_in_Canada--wordnet_fishery_103350880
5.67399850295e+16
----------------------------------
wikicat_Sustainable_fisheries--wordnet_fishery_103350880
5.9101548744e+16
----------------------------------
wikicat_Sustainable_fisheries--wikicat_Fisheries
9.22347193206e+16
----------------------------------
wikicat_Fisheries_and_aquaculture_research_institutes--wikicat_Sustainable_fisheries
1.00647637625e+17
----------------------------------
wikicat_Provinces_and_territories_of_Canada--wikicat_Fisheries
1.38284353981e+17
----------------------------------
wordnet_state_108654360--wikicat_Sustainable_fisheries
1.52588340027e+17
----------------------------------
wordnet_fishery_103350880--wikicat_Provinces_and_territories_of_Canada
1.55142788912e+17
----------------------------------
wikicat_Fisheries--wikicat_Provinces_and_territories_of_Canada
2.08258254493e+17
----------------------------------
wordnet_state_108654360--wordnet_fishery_103350880
2.24611336156e+17
----------------------------------
wikicat_Sustainable_fisheries--wikicat_Fisheries_in_Canada
2.55952534222e+17
----------------------------------
wikicat_Provinces_and_territories_of_Canada--wordnet_fishery_103350880
2.641866959e+17
----------------------------------
wordnet_state_108654360--wikicat_Fisheries_in_Canada
2.90974677418e+17
----------------------------------
wordnet_fishery_103350880--wikicat_Fisheries_in_Canada
3.64434886737e+17
----------------------------------
wikicat_Fisheries--wikicat_Fisheries_in_Canada
4.395586396e+17
----------------------------------
wikicat_Provinces_and_territories_of_Canada--wikicat_Fisheries_in_Canada
4.70729120145e+17
----------------------------------
wikicat_Fisheries_and_aquaculture_research_institutes--wikicat_Fisheries_in_Canada
5.52466546182e+17
----------------------------------
wordnet_fishery_103350880--wikicat_Fisheries_and_aquaculture_research_institutes
5.62141839001e+17
----------------------------------
wikicat_Sustainable_fisheries--wikicat_Fisheries_and_aquaculture_research_institutes
6.06801903404e+17
----------------------------------
wordnet_state_108654360--wikicat_Provinces_and_territories_of_Canada
7.16561182722e+17
----------------------------------
wikicat_Fisheries--wikicat_Fisheries_and_aquaculture_research_institutes
7.50807670602e+17
----------------------------------
wordnet_fishery_103350880--wikicat_Sustainable_fisheries
8.40631596791e+17
----------------------------------
wikicat_Fisheries_in_Canada--wikicat_Sustainable_fisheries
8.58329114428e+17
----------------------------------
wikicat_Fisheries--wikicat_Sustainable_fisheries
9.63519784085e+17
----------------------------------
wikicat_Fisheries_in_Canada--wikicat_Provinces_and_territories_of_Canada
9.7765872705e+17
----------------------------------
wikicat_Fisheries_and_aquaculture_research_institutes--wikicat_Provinces_and_territories_of_Canada
9.78778075279e+17
----------------------------------
wikicat_Provinces_and_territories_of_Canada--wikicat_Fisheries_and_aquaculture_research_institutes
1.22504134291e+18
----------------------------------
wikicat_Provinces_and_territories_of_Canada--wikicat_Sustainable_fisheries
1.72699076721e+18
----------------------------------
wikicat_Fisheries_in_Canada--wikicat_Fisheries_and_aquaculture_research_institutes
1.73460997172e+18
----------------------------------
wordnet_state_108654360--wikicat_Fisheries_and_aquaculture_research_institutes
2.17349912725e+18
----------------------------------
