num tables: 7553
started processing 45e78af8-8d10-394e-89ec-4d27c046b6a1/Zone_omogenee_per_rischio_Incendi_boschivi_-_Centroidi.csv
nodes_val 3
started processing 0f8fdf55-5d95-3ae7-8d12-63c1d30e47e2/Evolución_de_la_matrícula_estudiantes_en_la_zona_urbana_y_Rural_del_Municipio_de_Tuluá.csv
nodes_val 9
started processing ad2dd3aa-0def-3413-b10b-8d56cbfe4448/Natural_Gas_Plant_Operations_In_Utah_T4.12_2009.csv
nodes_val 41
started processing f5c230d4-a007-30d8-b064-233977b38536/Licensed_Aquaculture_Utah_2015.csv
nodes_val 5
started processing da49f755-0713-3b58-93cc-ac4c806a0b16/Utah_Toxic_Release_Inventory_2004.csv
nodes_val 93
started processing 2d2e8f97-3792-33cf-abdd-fccee500312f/Building_Complaint_Disposition_Codes.csv
nodes_val 2
started processing 03d5e624-0668-372c-be43-15388c055ad0/Protest_Data_with_Census_Data.csv
nodes_val 51
started processing 0cfa058d-c09d-309f-b63e-610701b22bae/Historical_Commission_Preservation_Awards_1973_-_Present.csv
nodes_val 13
started processing bd56583d-d067-3911-9149-1b09121ac484/PRESUPUESTO_DE_PROYECTOS_DE_INVERSIÓN_VIGENCIA_2018.csv
nodes_val 9
started processing 7219f00d-587d-34ba-b928-fd565b31afd7/Colorados_Named_Peaks_greater_than_14000_feet_above_sea_level.csv
nodes_val 3
table_atts: 10
