lhs: 53
Loading domains
Reduce tags
table_51_1: ds: 1 ts: 1
table_122_1: ds: 1 ts: 1
table_68_0: ds: 2 ts: 2
table_198_0: ds: 1 ts: 1
table_74_0: ds: 1 ts: 1
table_154_0: ds: 1 ts: 1
table_148_0: ds: 2 ts: 2
table_157_1: ds: 1 ts: 1
table_44_0: ds: 1 ts: 1
table_26_0: ds: 1 ts: 1
table_159_0: ds: 1 ts: 1
table_178_0: ds: 3 ts: 3
table_93_1: ds: 3 ts: 3
table_139_0: ds: 1 ts: 1
table_164_0: ds: 1 ts: 1
table_24_0: ds: 1 ts: 1
table_121_0: ds: 6 ts: 5
table_36_0: ds: 4 ts: 4
table_148_1: ds: 1 ts: 1
table_193_1: ds: 2 ts: 2
table_160_0: ds: 1 ts: 1
table_187_1: ds: 1 ts: 1
table_6_0: ds: 1 ts: 1
table_124_1: ds: 1 ts: 1
table_53_0: ds: 1 ts: 1
table_127_0: ds: 4 ts: 4
table_125_0: ds: 3 ts: 3
table_168_0: ds: 1 ts: 1
table_69_0: ds: 1 ts: 1
table_5_0: ds: 1 ts: 1
table_1_0: ds: 2 ts: 2
table_190_0: ds: 1 ts: 1
table_120_1: ds: 3 ts: 3
table_0_1: ds: 7 ts: 7
table_145_1: ds: 1 ts: 1
table_158_1: ds: 1 ts: 1
table_45_1: ds: 1 ts: 1
table_181_1: ds: 1 ts: 1
table_75_0: ds: 4 ts: 4
table_128_0: ds: 4 ts: 4
table_94_0: ds: 1 ts: 1
table_86_1: ds: 2 ts: 2
table_39_1: ds: 13 ts: 11
table_86_0: ds: 2 ts: 2
table_132_0: ds: 1 ts: 1
table_45_0: ds: 2 ts: 2
table_109_1: ds: 5 ts: 5
table_88_1: ds: 1 ts: 1
table_1_1: ds: 2 ts: 2
table_173_0: ds: 2 ts: 2
table_157_0: ds: 2 ts: 2
table_114_1: ds: 1 ts: 1
table_48_1: ds: 2 ts: 2
lhs sings: 30
all sings: 82
{'crystalize': 20, 'perspective': 4, 'Cochise': 28, 'Arno': 5, "equestrienne's": 32, 'beacon': 2, 'funnel': 2, 'embezzled': 3, 'shutouts': 1, "mascara's": 13, 'correspondence': 17, 'prehistory': 11, 'aquas': 3, 'blockbuster': 12, 'excision': 9, 'rime': 7, 'transmittable': 3, 'endued': 3, 'Madras': 6, "characteristic's": 9, 'overthrows': 4, 'axis': 21, 'handwritten': 3, 'satanic': 83, "antibody's": 57, 'bakeries': 5, 'slow': 17, 'philosophies': 14, 'swerved': 9, 'housebroken': 2, 'gibber': 28, 'surgeries': 16, 'glads': 11, 'enclosed': 7, 'paddocks': 4, 'fleeted': 1, "trash's": 45, "dragon's": 17, 'perpendiculars': 5, 'ascertains': 10, 'ascribed': 2, 'multidimensional': 49, 'platens': 6, 'Reinhardt': 1, 'ringworm': 5, 'omissions': 11, 'layoff': 11, 'hypnoses': 2, 'unambiguous': 9, 'homebody': 95, 'Bismarck': 4, 'crematoriums': 50, 'edicts': 1, 'Cayuga': 14, "salmon's": 5, 'drizzlier': 5, 'bucktooth': 6, 'Haber': 29, 'convoys': 4, 'Köln': 2, 'conditioner': 4, 'cables': 7, "accountability's": 7, 'movie': 6, 'Christensen': 5, 'recoveries': 14, 'tightrope': 5, 'Ucayali': 26, 'Hampton': 25, 'unlocking': 3, 'evaporates': 29, "macron's": 8}
