lhs: 18
Loading domains
Reduce tags
table_26_0: ds: 1 ts: 1
table_132_0: ds: 1 ts: 1
table_184_0: ds: 1 ts: 1
table_19_0: ds: 1 ts: 1
table_35_1: ds: 2 ts: 2
table_190_0: ds: 1 ts: 1
table_139_0: ds: 1 ts: 1
table_88_0: ds: 1 ts: 1
table_40_0: ds: 3 ts: 3
table_57_1: ds: 2 ts: 2
table_187_1: ds: 1 ts: 1
table_165_1: ds: 2 ts: 2
table_157_0: ds: 2 ts: 2
table_187_0: ds: 1 ts: 1
table_71_1: ds: 1 ts: 1
table_173_1: ds: 1 ts: 1
table_62_0: ds: 4 ts: 4
table_180_0: ds: 2 ts: 2
lhs sings: 11
all sings: 82
{'feverishly': 12, 'slow': 17, 'coffeepots': 6, 'Frank': 10, "Wycliffe's": 1, 'fixtures': 2, 'layoff': 11, "antibody's": 57, 'Haber': 29, "accountability's": 7, 'Ucayali': 26, 'bucktooth': 6, 'dappling': 6, 'Cochise': 28, 'instep': 8, "Carol's": 25, 'midyear': 12, "mascara's": 13, "shade's": 13, 'earthling': 4, 'platens': 6, 'tightrope': 5}
