lhs: 34
Loading domains
Reduce tags
table_72_0: ds: 3 ts: 3
table_36_1: ds: 4 ts: 4
table_132_0: ds: 1 ts: 1
table_47_0: ds: 2 ts: 2
table_3_1: ds: 2 ts: 2
table_152_0: ds: 1 ts: 1
table_20_1: ds: 5 ts: 5
table_40_0: ds: 3 ts: 3
table_183_0: ds: 1 ts: 1
table_71_0: ds: 2 ts: 2
table_71_1: ds: 1 ts: 1
table_28_0: ds: 2 ts: 2
table_165_1: ds: 2 ts: 2
table_187_0: ds: 1 ts: 1
table_185_0: ds: 4 ts: 4
table_190_0: ds: 1 ts: 1
table_57_1: ds: 2 ts: 2
table_26_0: ds: 1 ts: 1
table_180_0: ds: 2 ts: 2
table_62_1: ds: 3 ts: 3
table_20_0: ds: 6 ts: 5
table_184_0: ds: 1 ts: 1
table_187_1: ds: 1 ts: 1
table_173_1: ds: 1 ts: 1
table_35_1: ds: 2 ts: 2
table_19_0: ds: 1 ts: 1
table_62_0: ds: 4 ts: 4
table_9_1: ds: 1 ts: 1
table_3_0: ds: 2 ts: 2
table_88_0: ds: 1 ts: 1
table_157_0: ds: 2 ts: 2
table_139_0: ds: 1 ts: 1
table_28_1: ds: 1 ts: 1
table_105_1: ds: 4 ts: 4
lhs sings: 15
all sings: 82
{'moisturizes': 92, "buttery's": 3, 'Haber': 29, "Garibaldi's": 2, "proximity's": 38, 'earthling': 4, 'layoff': 11, 'Ucayali': 26, 'strait': 2, "mascara's": 13, "Carol's": 25, 'satanic': 83, 'fleshiest': 130, 'throughout': 6, 'Frank': 10, "Wycliffe's": 1, 'fringes': 2, 'fixtures': 2, 'slow': 17, 'instep': 8, "antibody's": 57, 'disappear': 4, 'convexity': 3, 'unambiguous': 9, 'logrolling': 7, 'platens': 6, 'coffeepots': 6, 'feverishly': 12, 'Cochise': 28, 'homebody': 95, 'bucktooth': 6, 'midyear': 12, "waterway's": 6, "fauna's": 15, 'condoned': 9, 'concealed': 2, "shade's": 13, 'crematoriums': 50, 'cannabis': 6, 'shorn': 5, "accountability's": 7, 'tightrope': 5, 'dappling': 6}
